----------------------------------------------------------------
Processing file Articles/articles_main.xml
Processing file Lists/list_main.xml
Warning! Variants property count != Number of variants
Warning! Variants property count != Number of variants
Warning! Unused style from project file: <abstract_resource>.
Warning! Unused style from project file: <area>.
Warning! Unused style from project file: <astrostyle>.
Warning! Unused style from project file: <atomic_object>.
Warning! Unused style from project file: <b_white>.
Warning! Unused style from project file: <black_dot>.
Warning! Unused style from project file: <blue>.
Warning! Unused style from project file: <blue_dot>.
Warning! Unused style from project file: <blue_square>.
Warning! Unused style from project file: <br>.
Warning! Unused style from project file: <brown>.
Warning! Unused style from project file: <caption>.
Warning! Unused style from project file: <chapter_header>.
Warning! Unused style from project file: <chapter_header1>.
Warning! Unused style from project file: <chapter_header2>.
Warning! Unused style from project file: <chapter_header3>.
Warning! Unused style from project file: <chapter_header4>.
Warning! Unused style from project file: <chapter_header5>.
Warning! Unused style from project file: <chapter_header6>.
Warning! Unused style from project file: <chapter_header7>.
Warning! Unused style from project file: <construction_set>.
Warning! Unused style from project file: <crossword_item>.
Warning! Unused style from project file: <drawing_block>.
Warning! Unused style from project file: <drawing_object>.
Warning! Unused style from project file: <extern_article>.
Warning! Unused style from project file: <extern_link>.
Warning! Unused style from project file: <extern_link14>.
Warning! Unused style from project file: <extern_link_i>.
Warning! Unused style from project file: <extern_link_white>.
Warning! Unused style from project file: <formula>.
Warning! Unused style from project file: <green>.
Warning! Unused style from project file: <green_dot>.
Warning! Unused style from project file: <h1>.
Warning! Unused style from project file: <h2>.
Warning! Unused style from project file: <h_link>.
Warning! Unused style from project file: <header_white>.
Warning! Unused style from project file: <i_white>.
Warning! Unused style from project file: <interactive_object>.
Warning! Unused style from project file: <laboratory_dot>.
Warning! Unused style from project file: <laboratory_square>.
Warning! Unused style from project file: <legend_item>.
Warning! Unused style from project file: <li>.
Warning! Unused style from project file: <link>.
Warning! Unused style from project file: <link_white>.
Warning! Unused style from project file: <list>.
Warning! Unused style from project file: <map>.
Warning! Unused style from project file: <map_element>.
Warning! Unused style from project file: <nobr>.
Warning! Unused style from project file: <normal_green>.
Warning! Unused style from project file: <normal_purpure>.
Warning! Unused style from project file: <orange_b>.
Warning! Unused style from project file: <orange_dot>.
Warning! Unused style from project file: <paragraph_header>.
Warning! Unused style from project file: <paragraph_header1>.
Warning! Unused style from project file: <paragraph_header2>.
Warning! Unused style from project file: <paragraph_header3>.
Warning! Unused style from project file: <paragraph_header4>.
Warning! Unused style from project file: <paragraph_header5>.
Warning! Unused style from project file: <paragraph_header6>.
Warning! Unused style from project file: <paragraph_header7>.
Warning! Unused style from project file: <popup_article>.
Warning! Unused style from project file: <popup_image>.
Warning! Unused style from project file: <practical_dot>.
Warning! Unused style from project file: <practical_square>.
Warning! Unused style from project file: <sans_b_blue>.
Warning! Unused style from project file: <sans_b_white>.
Warning! Unused style from project file: <sans_grey>.
Warning! Unused style from project file: <sans_i_sub>.
Warning! Unused style from project file: <sans_i_sup>.
Warning! Unused style from project file: <sans_i_white>.
Warning! Unused style from project file: <sans_red_b>.
Warning! Unused style from project file: <sans_small_u>.
Warning! Unused style from project file: <sans_sub>.
Warning! Unused style from project file: <sans_sup>.
Warning! Unused style from project file: <sans_u>.
Warning! Unused style from project file: <sans_ui>.
Warning! Unused style from project file: <sans_white>.
Warning! Unused style from project file: <scene_3d>.
Warning! Unused style from project file: <section_header_laboratory>.
Warning! Unused style from project file: <section_header_practical>.
Warning! Unused style from project file: <sidenote>.
Warning! Unused style from project file: <slide_show>.
Warning! Unused style from project file: <small_gray>.
Warning! Unused style from project file: <sound>.
Warning! Unused style from project file: <source>.
Warning! Unused style from project file: <stage_header_laboratory>.
Warning! Unused style from project file: <stage_header_practical>.
Warning! Unused style from project file: <sub>.
Warning! Unused style from project file: <sub_b>.
Warning! Unused style from project file: <sub_b_white>.
Warning! Unused style from project file: <sub_blue>.
Warning! Unused style from project file: <sub_i>.
Warning! Unused style from project file: <sub_i_white>.
Warning! Unused style from project file: <sub_white>.
Warning! Unused style from project file: <subheader>.
Warning! Unused style from project file: <subheader1>.
Warning! Unused style from project file: <subheader2>.
Warning! Unused style from project file: <subheader3>.
Warning! Unused style from project file: <subheader4>.
Warning! Unused style from project file: <subheader5>.
Warning! Unused style from project file: <subheader6>.
Warning! Unused style from project file: <subheader7>.
Warning! Unused style from project file: <subsubheader>.
Warning! Unused style from project file: <subsubheader1>.
Warning! Unused style from project file: <subsubheader2>.
Warning! Unused style from project file: <subsubheader3>.
Warning! Unused style from project file: <subsubheader4>.
Warning! Unused style from project file: <subsubheader5>.
Warning! Unused style from project file: <subsubheader6>.
Warning! Unused style from project file: <subsubheader7>.
Warning! Unused style from project file: <sup>.
Warning! Unused style from project file: <sup_b>.
Warning! Unused style from project file: <sup_b_white>.
Warning! Unused style from project file: <sup_i>.
Warning! Unused style from project file: <sup_i_white>.
Warning! Unused style from project file: <sup_white>.
Warning! Unused style from project file: <task_block_entry>.
Warning! Unused style from project file: <test>.
Warning! Unused style from project file: <test_container>.
Warning! Unused style from project file: <test_control>.
Warning! Unused style from project file: <test_description>.
Warning! Unused style from project file: <test_input>.
Warning! Unused style from project file: <test_result>.
Warning! Unused style from project file: <test_result_element>.
Warning! Unused style from project file: <test_spear>.
Warning! Unused style from project file: <test_target>.
Warning! Unused style from project file: <test_token>.
Warning! Unused style from project file: <test_triangle1>.
Warning! Unused style from project file: <test_triangle2>.
Warning! Unused style from project file: <test_triangle3>.
Warning! Unused style from project file: <test_triangle4>.
Warning! Unused style from project file: <test_triangle5>.
Warning! Unused style from project file: <text_control>.
Warning! Unused style from project file: <text_test>.
Warning! Unused style from project file: <th>.
Warning! Unused style from project file: <u>.
Warning! Unused style from project file: <ub>.
Warning! Unused style from project file: <ui>.
Warning! Unused style from project file: <url>.
Warning! Unused style from project file: <video>.
Warning! Unused style from project file: <white>.
Warning! Unused style from project file: <whitespace_abstract_resource>.
Warning! Unused style from project file: <whitespace_area>.
Warning! Unused style from project file: <whitespace_astrostyle>.
Warning! Unused style from project file: <whitespace_atomic_object>.
Warning! Unused style from project file: <whitespace_b>.
Warning! Unused style from project file: <whitespace_b_white>.
Warning! Unused style from project file: <whitespace_back_green>.
Warning! Unused style from project file: <whitespace_bi>.
Warning! Unused style from project file: <whitespace_big_paragraph>.
Warning! Unused style from project file: <whitespace_big_purpure>.
Warning! Unused style from project file: <whitespace_big_purpure_i>.
Warning! Unused style from project file: <whitespace_big_red_p>.
Warning! Unused style from project file: <whitespace_black_dot>.
Warning! Unused style from project file: <whitespace_blue>.
Warning! Unused style from project file: <whitespace_blue_dot>.
Warning! Unused style from project file: <whitespace_blue_square>.
Warning! Unused style from project file: <whitespace_br>.
Warning! Unused style from project file: <whitespace_brown>.
Warning! Unused style from project file: <whitespace_caption>.
Warning! Unused style from project file: <whitespace_construction_set>.
Warning! Unused style from project file: <whitespace_crossword_item>.
Warning! Unused style from project file: <whitespace_drawing_block>.
Warning! Unused style from project file: <whitespace_drawing_object>.
Warning! Unused style from project file: <whitespace_extern_article>.
Warning! Unused style from project file: <whitespace_extern_link>.
Warning! Unused style from project file: <whitespace_extern_link14>.
Warning! Unused style from project file: <whitespace_extern_link_i>.
Warning! Unused style from project file: <whitespace_extern_link_white>.
Warning! Unused style from project file: <whitespace_footnote_brief>.
Warning! Unused style from project file: <whitespace_footnote_total>.
Warning! Unused style from project file: <whitespace_formula>.
Warning! Unused style from project file: <whitespace_green>.
Warning! Unused style from project file: <whitespace_green_dot>.
Warning! Unused style from project file: <whitespace_h1>.
Warning! Unused style from project file: <whitespace_h2>.
Warning! Unused style from project file: <whitespace_h_link>.
Warning! Unused style from project file: <whitespace_header_white>.
Warning! Unused style from project file: <whitespace_i>.
Warning! Unused style from project file: <whitespace_i_white>.
Warning! Unused style from project file: <whitespace_img>.
Warning! Unused style from project file: <whitespace_interactive_object>.
Warning! Unused style from project file: <whitespace_label>.
Warning! Unused style from project file: <whitespace_laboratory_dot>.
Warning! Unused style from project file: <whitespace_laboratory_square>.
Warning! Unused style from project file: <whitespace_legend_item>.
Warning! Unused style from project file: <whitespace_li>.
Warning! Unused style from project file: <whitespace_link>.
Warning! Unused style from project file: <whitespace_link_white>.
Warning! Unused style from project file: <whitespace_list>.
Warning! Unused style from project file: <whitespace_map>.
Warning! Unused style from project file: <whitespace_map_element>.
Warning! Unused style from project file: <whitespace_media_container>.
Warning! Unused style from project file: <whitespace_nobr>.
Warning! Unused style from project file: <whitespace_normal_green>.
Warning! Unused style from project file: <whitespace_normal_purpure>.
Warning! Unused style from project file: <whitespace_orange_b>.
Warning! Unused style from project file: <whitespace_orange_dot>.
Warning! Unused style from project file: <whitespace_p>.
Warning! Unused style from project file: <whitespace_popup_article>.
Warning! Unused style from project file: <whitespace_popup_image>.
Warning! Unused style from project file: <whitespace_practical_dot>.
Warning! Unused style from project file: <whitespace_practical_square>.
Warning! Unused style from project file: <whitespace_sans_b>.
Warning! Unused style from project file: <whitespace_sans_b_blue>.
Warning! Unused style from project file: <whitespace_sans_b_white>.
Warning! Unused style from project file: <whitespace_sans_bi>.
Warning! Unused style from project file: <whitespace_sans_big>.
Warning! Unused style from project file: <whitespace_sans_green>.
Warning! Unused style from project file: <whitespace_sans_grey>.
Warning! Unused style from project file: <whitespace_sans_i_sub>.
Warning! Unused style from project file: <whitespace_sans_i_sup>.
Warning! Unused style from project file: <whitespace_sans_i_white>.
Warning! Unused style from project file: <whitespace_sans_purpure>.
Warning! Unused style from project file: <whitespace_sans_red>.
Warning! Unused style from project file: <whitespace_sans_red_b>.
Warning! Unused style from project file: <whitespace_sans_small_b>.
Warning! Unused style from project file: <whitespace_sans_small_bi>.
Warning! Unused style from project file: <whitespace_sans_small_i>.
Warning! Unused style from project file: <whitespace_sans_small_u>.
Warning! Unused style from project file: <whitespace_sans_sub>.
Warning! Unused style from project file: <whitespace_sans_sup>.
Warning! Unused style from project file: <whitespace_sans_u>.
Warning! Unused style from project file: <whitespace_sans_ui>.
Warning! Unused style from project file: <whitespace_sans_white>.
Warning! Unused style from project file: <whitespace_scene_3d>.
Warning! Unused style from project file: <whitespace_section_header_laboratory>.
Warning! Unused style from project file: <whitespace_section_header_practical>.
Warning! Unused style from project file: <whitespace_sidenote>.
Warning! Unused style from project file: <whitespace_slide_show>.
Warning! Unused style from project file: <whitespace_small_gray>.
Warning! Unused style from project file: <whitespace_sound>.
Warning! Unused style from project file: <whitespace_source>.
Warning! Unused style from project file: <whitespace_stage_header_laboratory>.
Warning! Unused style from project file: <whitespace_stage_header_practical>.
Warning! Unused style from project file: <whitespace_sub>.
Warning! Unused style from project file: <whitespace_sub_b>.
Warning! Unused style from project file: <whitespace_sub_b_white>.
Warning! Unused style from project file: <whitespace_sub_blue>.
Warning! Unused style from project file: <whitespace_sub_i>.
Warning! Unused style from project file: <whitespace_sub_i_white>.
Warning! Unused style from project file: <whitespace_sub_white>.
Warning! Unused style from project file: <whitespace_sup>.
Warning! Unused style from project file: <whitespace_sup_b>.
Warning! Unused style from project file: <whitespace_sup_b_white>.
Warning! Unused style from project file: <whitespace_sup_blue>.
Warning! Unused style from project file: <whitespace_sup_i>.
Warning! Unused style from project file: <whitespace_sup_i_white>.
Warning! Unused style from project file: <whitespace_sup_white>.
Warning! Unused style from project file: <whitespace_table>.
Warning! Unused style from project file: <whitespace_task_block_entry>.
Warning! Unused style from project file: <whitespace_td>.
Warning! Unused style from project file: <whitespace_test>.
Warning! Unused style from project file: <whitespace_test_container>.
Warning! Unused style from project file: <whitespace_test_control>.
Warning! Unused style from project file: <whitespace_test_description>.
Warning! Unused style from project file: <whitespace_test_input>.
Warning! Unused style from project file: <whitespace_test_result>.
Warning! Unused style from project file: <whitespace_test_result_element>.
Warning! Unused style from project file: <whitespace_test_spear>.
Warning! Unused style from project file: <whitespace_test_target>.
Warning! Unused style from project file: <whitespace_test_token>.
Warning! Unused style from project file: <whitespace_test_triangle1>.
Warning! Unused style from project file: <whitespace_test_triangle2>.
Warning! Unused style from project file: <whitespace_test_triangle3>.
Warning! Unused style from project file: <whitespace_test_triangle4>.
Warning! Unused style from project file: <whitespace_test_triangle5>.
Warning! Unused style from project file: <whitespace_text_control>.
Warning! Unused style from project file: <whitespace_text_test>.
Warning! Unused style from project file: <whitespace_th>.
Warning! Unused style from project file: <whitespace_tr>.
Warning! Unused style from project file: <whitespace_u>.
Warning! Unused style from project file: <whitespace_ub>.
Warning! Unused style from project file: <whitespace_ui>.
Warning! Unused style from project file: <whitespace_url>.
Warning! Unused style from project file: <whitespace_video>.
Warning! Unused style from project file: <whitespace_white>.
Engine version: 127
Error! CArticlesCompress::FinalizeData : style name whitespace_section_header_practical is very large
Error! CArticlesCompress::FinalizeData : style name whitespace_section_header_laboratory is very large
Error! CArticlesCompress::FinalizeData : style name whitespace_stage_header_practical is very large
Error! CArticlesCompress::FinalizeData : style name whitespace_stage_header_laboratory is very large
